<?xml version="1.0" encoding="UTF-8"?><testsuite errors="0" failures="1" name="com.restfulbooker.bookinginfo.BookingPatchRequest" skipped="0" tests="1" time="0.55" timestamp="2022-01-11T23:41:47.945Z[Europe/London]"><testcase classname="com.restfulbooker.bookinginfo.BookingPatchRequest" name="Updating a current booking with partial payload"><failure message="1 expectation failed.&#10;Expected status code &lt;200&gt; but was &lt;403&gt;.&#10;" type="java.lang.AssertionError">1 expectation failed.
Expected status code &lt;200&gt; but was &lt;403&gt;.
</failure><system-err>1 expectation failed.
Expected status code &lt;200&gt; but was &lt;403&gt;.
&#13;
io.restassured.internal.ResponseSpecificationImpl.validateResponseIfRequired(ResponseSpecificationImpl.groovy:636)&#13;
io.restassured.internal.ResponseSpecificationImpl.statusCode(ResponseSpecificationImpl.groovy:122)&#13;
io.restassured.internal.ResponseSpecificationImpl.statusCode(ResponseSpecificationImpl.groovy:130)&#13;
io.restassured.internal.ValidatableResponseOptionsImpl.statusCode(ValidatableResponseOptionsImpl.java:117)&#13;
com.restfulbooker.bookinginfo.BookingPatchRequest.updatePartialDetails(BookingPatchRequest.java:36)&#13;
</system-err></testcase></testsuite>