<?xml version="1.0" encoding="UTF-8"?><testsuite errors="0" failures="1" name="com.restfulbooker.bookinginfo.BookingDeleteRequest" skipped="0" tests="1" time="0.56" timestamp="2022-01-11T23:41:46.324Z[Europe/London]"><testcase classname="com.restfulbooker.bookinginfo.BookingDeleteRequest" name="Deletes a booking with ID"><failure message="1 expectation failed.&#10;Expected status code &lt;201&gt; but was &lt;403&gt;.&#10;" type="java.lang.AssertionError">1 expectation failed.
Expected status code &lt;201&gt; but was &lt;403&gt;.
</failure><system-err>1 expectation failed.
Expected status code &lt;201&gt; but was &lt;403&gt;.
&#13;
io.restassured.internal.ResponseSpecificationImpl.validateResponseIfRequired(ResponseSpecificationImpl.groovy:636)&#13;
io.restassured.internal.ResponseSpecificationImpl.statusCode(ResponseSpecificationImpl.groovy:122)&#13;
io.restassured.internal.ResponseSpecificationImpl.statusCode(ResponseSpecificationImpl.groovy:130)&#13;
io.restassured.internal.ValidatableResponseOptionsImpl.statusCode(ValidatableResponseOptionsImpl.java:117)&#13;
com.restfulbooker.bookinginfo.BookingDeleteRequest.deleteBooking(BookingDeleteRequest.java:25)&#13;
</system-err></testcase></testsuite>